<?xml version="1.0" encoding="UTF-8"?>
<!-- Generated by org.testng.reporters.JUnitReportReporter -->
<testsuite hostname="INHYD1LFH48NN3" failures="0" tests="1" name="DemoWebShopTests.DemoWebShop_Tests" time="18.843" errors="0" timestamp="2023-11-26T17:17:10 IST" skipped="0">
  <testcase classname="DemoWebShopTests.DemoWebShop_Tests" name="launchDemoWebShop" time="18.843"/>
</testsuite> <!-- DemoWebShopTests.DemoWebShop_Tests -->
