<?xml version="1.0" encoding="UTF-8"?>
<!-- Generated by org.testng.reporters.JUnitReportReporter -->
<testsuite hostname="INHYD1LFH48NN3" failures="0" tests="5" name="otherProjectsTests.CodilityTaskSolution" time="12.269" errors="0" timestamp="2024-02-08T16:25:30 IST" skipped="0">
  <testcase classname="otherProjectsTests.CodilityTaskSolution" name="testSearchQueryAndSubmitButtonPresence" time="10.143"/>
  <testcase classname="otherProjectsTests.CodilityTaskSolution" name="testEmptyQueryError" time="0.151"/>
  <testcase classname="otherProjectsTests.CodilityTaskSolution" name="testAtLeastOneIslandReturned" time="0.283"/>
  <testcase classname="otherProjectsTests.CodilityTaskSolution" name="testNoResultsFeedback" time="0.360"/>
  <testcase classname="otherProjectsTests.CodilityTaskSolution" name="testResultsMatchingQuery" time="1.332"/>
</testsuite> <!-- otherProjectsTests.CodilityTaskSolution -->
