<?xml version="1.0" encoding="UTF-8"?>
<!-- Generated by org.testng.reporters.JUnitReportReporter -->
<testsuite hostname="INHYD1LFH48NN3" failures="0" tests="2" name="otherProjectsTests.PracticeTest_BrowseResize" time="0.446" errors="0" timestamp="2024-01-24T13:53:31 IST" skipped="0">
  <testcase classname="otherProjectsTests.PracticeTest_BrowseResize" name="ALT_SHIFT_KEYS" time="0.183"/>
  <testcase classname="otherProjectsTests.PracticeTest_BrowseResize" name="BrowserResize" time="0.263"/>
</testsuite> <!-- otherProjectsTests.PracticeTest_BrowseResize -->
