<?xml version="1.0" encoding="UTF-8"?>
<!-- Generated by org.testng.reporters.JUnitReportReporter -->
<testsuite hostname="INHYD1LFH48NN3" failures="0" tests="1" name="AquaDNATests.HomePageTests" time="36.366" errors="0" timestamp="2023-12-13T15:55:40 IST" skipped="0">
  <testcase classname="AquaDNATests.HomePageTests" name="HomePageCountTest" time="36.366"/>
</testsuite> <!-- AquaDNATests.HomePageTests -->
