<?xml version="1.0" encoding="UTF-8"?>
<!-- Generated by org.testng.reporters.JUnitReportReporter -->
<testsuite hostname="INHYD1LFH48NN3" failures="0" tests="4" name="API.RestAssuredTests.httpRequests" time="6.501" errors="0" timestamp="2024-03-10T23:13:38 IST" skipped="0">
  <testcase classname="API.RestAssuredTests.httpRequests" name="getUser" time="2.996"/>
  <testcase classname="API.RestAssuredTests.httpRequests" name="createUser" time="2.171"/>
  <testcase classname="API.RestAssuredTests.httpRequests" name="updateUser" time="0.643"/>
  <testcase classname="API.RestAssuredTests.httpRequests" name="deleteUser" time="0.691"/>
</testsuite> <!-- API.RestAssuredTests.httpRequests -->
