<?xml version="1.0" encoding="UTF-8"?>
<!-- Generated by org.testng.reporters.JUnitReportReporter -->
<testsuite hostname="INHYD1LFH48NN3" failures="0" tests="4" name="API.RestAssuredTests.httpRequests" time="10.831" errors="0" timestamp="2024-05-03T16:28:25 IST" skipped="0">
  <testcase classname="API.RestAssuredTests.httpRequests" name="getUser" time="5.285"/>
  <testcase classname="API.RestAssuredTests.httpRequests" name="createUser" time="2.974"/>
  <testcase classname="API.RestAssuredTests.httpRequests" name="updateUser" time="1.188"/>
  <testcase classname="API.RestAssuredTests.httpRequests" name="deleteUser" time="1.384"/>
</testsuite> <!-- API.RestAssuredTests.httpRequests -->
