<?xml version="1.0" encoding="UTF-8"?>
<!-- Generated by org.testng.reporters.JUnitReportReporter -->
<testsuite hostname="INHYD1LFH48NN3" failures="0" tests="1" name="googleTests.Google_Tests" time="136.107" errors="0" timestamp="2024-06-30T20:20:08 IST" skipped="0">
  <testcase classname="googleTests.Google_Tests" name="launchGoogleTest" time="136.107"/>
</testsuite> <!-- googleTests.Google_Tests -->
