<?xml version="1.0" encoding="UTF-8"?>
<!-- Generated by org.testng.reporters.JUnitReportReporter -->
<testsuite hostname="INHYD1LFH48NN3" failures="0" tests="1" name="myPersonalUseTests.GmailTests" time="22.930" errors="0" timestamp="2023-11-19T12:51:57 IST" skipped="0">
  <testcase classname="myPersonalUseTests.GmailTests" name="gmailLoginTests" time="22.930"/>
</testsuite> <!-- myPersonalUseTests.GmailTests -->
