<?xml version="1.0" encoding="UTF-8"?>
<!-- Generated by org.testng.reporters.JUnitReportReporter -->
<testsuite hostname="INHYD1LFH48NN3" failures="0" tests="1" name="googleTests.Google_Tests" time="22.418" errors="0" timestamp="2023-11-18T20:25:15 IST" skipped="0">
  <testcase classname="googleTests.Google_Tests" name="launchGmail" time="22.418"/>
</testsuite> <!-- googleTests.Google_Tests -->
