<?xml version="1.0" encoding="UTF-8"?>
<!-- Generated by org.testng.reporters.JUnitReportReporter -->
<testsuite hostname="INHYD1LFH48NN3" failures="0" tests="1" name="otherProjectsTests.Solution" time="10.636" errors="0" timestamp="2024-02-06T22:24:03 IST" skipped="0">
  <testcase classname="otherProjectsTests.Solution" name="testSearchQueryAndSubmitButtonPresence" time="10.636"/>
</testsuite> <!-- otherProjectsTests.Solution -->
