<?xml version="1.0" encoding="UTF-8"?>
<!-- Generated by org.testng.reporters.JUnitReportReporter -->
<testsuite hostname="INHYD1LFH48NN3" failures="0" tests="1" name="Naukri.com.ApplyForJobs_Test" time="42.488" errors="0" timestamp="2024-02-12T16:48:39 IST" skipped="0">
  <testcase classname="Naukri.com.ApplyForJobs_Test" name="ApplyForJobs" time="42.488"/>
</testsuite> <!-- Naukri.com.ApplyForJobs_Test -->
